<?xml version="1.0" encoding="UTF-8"?>
<!-- Generated by org.testng.reporters.JUnitXMLReporter -->
<testsuite hostname="DESKTOP-ALME922" ignored="0" name="Default test" tests="4" failures="0" timestamp="21 May 2020 21:57:29 GMT" time="0.075" errors="0">
  <testcase name="div" time="0.03" classname="demo_pkg.demotest"/>
  <testcase name="multi" time="0.002" classname="demo_pkg.demotest"/>
  <testcase name="sub" time="0.001" classname="demo_pkg.demotest"/>
  <testcase name="sum" time="0.002" classname="demo_pkg.demotest"/>
</testsuite> <!-- Default test -->
