<?xml version="1.0" encoding="UTF-8"?>
<!-- Generated by org.testng.reporters.JUnitXMLReporter -->
<testsuite hostname="DESKTOP-ALME922" ignored="0" name="Test" tests="4" failures="0" timestamp="2020-05-21T18:50:54 EDT" time="0.075" errors="0">
  <testcase name="div" time="0.013" classname="demo_pkg.demotest"/>
  <testcase name="multi" time="0.0" classname="demo_pkg.demotest"/>
  <testcase name="sub" time="0.0" classname="demo_pkg.demotest"/>
  <testcase name="sum" time="0.0" classname="demo_pkg.demotest"/>
</testsuite> <!-- Test -->
