<?xml version="1.0" encoding="UTF-8"?>
<testng-results total="1" passed="1" failed="0" skipped="0">
  <reporter-output>
  </reporter-output>
  <suite started-at="2021-05-14T16:31:45Z" name="Suite" finished-at="2021-05-14T16:31:50Z" duration-ms="4668">
    <groups>
    </groups>
    <test started-at="2021-05-14T16:31:45Z" name="Test" finished-at="2021-05-14T16:31:50Z" duration-ms="4668">
      <class name="AzureTest.AzureRun.testRunAzure">
        <test-method is-config="true" signature="setUp()[pri:0, instance:AzureTest.AzureRun.testRunAzure@797b0699]" started-at="2021-05-14T12:31:45Z" name="setUp" finished-at="2021-05-14T12:31:49Z" duration-ms="3832" status="PASS">
          <reporter-output>
          </reporter-output>
        </test-method> <!-- setUp -->
        <test-method signature="verifyAzure()[pri:0, instance:AzureTest.AzureRun.testRunAzure@797b0699]" started-at="2021-05-14T12:31:49Z" name="verifyAzure" finished-at="2021-05-14T12:31:49Z" duration-ms="22" status="PASS">
          <reporter-output>
          </reporter-output>
        </test-method> <!-- verifyAzure -->
        <test-method is-config="true" signature="teardown()[pri:0, instance:AzureTest.AzureRun.testRunAzure@797b0699]" started-at="2021-05-14T12:31:49Z" name="teardown" finished-at="2021-05-14T12:31:50Z" duration-ms="798" status="PASS">
          <reporter-output>
          </reporter-output>
        </test-method> <!-- teardown -->
      </class> <!-- AzureTest.AzureRun.testRunAzure -->
    </test> <!-- Test -->
  </suite> <!-- Suite -->
</testng-results>
