<?xml version="1.0" encoding="UTF-8"?>
<testng-results total="2" passed="2" failed="0" skipped="0">
  <reporter-output>
  </reporter-output>
  <suite started-at="2021-05-18T19:13:04Z" name="Suite" finished-at="2021-05-18T19:13:15Z" duration-ms="10692">
    <groups>
    </groups>
    <test started-at="2021-05-18T19:13:04Z" name="Test" finished-at="2021-05-18T19:13:15Z" duration-ms="10692">
      <class name="AzureTest.AzureRun.testRunAzure">
        <test-method is-config="true" signature="setUp()[pri:0, instance:AzureTest.AzureRun.testRunAzure@5a37d3ed]" started-at="2021-05-18T15:13:04Z" name="setUp" finished-at="2021-05-18T15:13:08Z" duration-ms="3694" status="PASS">
          <reporter-output>
          </reporter-output>
        </test-method> <!-- setUp -->
        <test-method signature="producttest()[pri:0, instance:AzureTest.AzureRun.testRunAzure@5a37d3ed]" started-at="2021-05-18T15:13:08Z" name="producttest" finished-at="2021-05-18T15:13:10Z" duration-ms="1914" status="PASS">
          <reporter-output>
          </reporter-output>
        </test-method> <!-- producttest -->
        <test-method is-config="true" signature="teardown()[pri:0, instance:AzureTest.AzureRun.testRunAzure@5a37d3ed]" started-at="2021-05-18T15:13:10Z" name="teardown" finished-at="2021-05-18T15:13:10Z" duration-ms="858" status="PASS">
          <reporter-output>
          </reporter-output>
        </test-method> <!-- teardown -->
        <test-method is-config="true" signature="setUp()[pri:0, instance:AzureTest.AzureRun.testRunAzure@5a37d3ed]" started-at="2021-05-18T15:13:10Z" name="setUp" finished-at="2021-05-18T15:13:14Z" duration-ms="3345" status="PASS">
          <reporter-output>
          </reporter-output>
        </test-method> <!-- setUp -->
        <test-method signature="verifyAzure()[pri:0, instance:AzureTest.AzureRun.testRunAzure@5a37d3ed]" started-at="2021-05-18T15:13:14Z" name="verifyAzure" finished-at="2021-05-18T15:13:14Z" duration-ms="23" status="PASS">
          <reporter-output>
          </reporter-output>
        </test-method> <!-- verifyAzure -->
        <test-method is-config="true" signature="teardown()[pri:0, instance:AzureTest.AzureRun.testRunAzure@5a37d3ed]" started-at="2021-05-18T15:13:14Z" name="teardown" finished-at="2021-05-18T15:13:15Z" duration-ms="841" status="PASS">
          <reporter-output>
          </reporter-output>
        </test-method> <!-- teardown -->
      </class> <!-- AzureTest.AzureRun.testRunAzure -->
    </test> <!-- Test -->
  </suite> <!-- Suite -->
</testng-results>
